{% extends "junit-base.j2.xml" %}
{%- block HEADER_PREFIX -%}
{%- endblock -%}
